TN:
SF:C:/Users/bruce/Documents/Code/react-intro/js/Search.jsx
FN:6,Search
FN:27,(anonymous_11)
FN:28,(anonymous_12)
FNF:3
FNH:3
FNDA:3,Search
FNDA:84,(anonymous_11)
FNDA:65,(anonymous_12)
DA:1,1
DA:2,1
DA:3,1
DA:6,9
DA:9,3
DA:13,3
DA:16,1
DA:18,4
DA:19,4
DA:27,84
DA:28,65
DA:37,1
LF:12
LH:12
BRDA:6,0,0,3
BRDA:6,0,1,0
BRF:2
BRH:1
end_of_record
TN:
SF:C:/Users/bruce/Documents/Code/react-intro/js/ShowCard.jsx
FN:3,ShowCard
FNF:1
FNH:1
FNDA:23,ShowCard
DA:1,1
DA:3,23
DA:14,1
DA:22,1
LF:4
LH:4
BRF:0
BRH:0
end_of_record
